{"name": "test_create_tenant_admin_token", "status": "failed", "statusDetails": {"message": "AssertionError: assert 400 == 200", "trace": "self = <users_tests.TestUserModules object at 0x7efc84831850>\nuser_client = <products.reqres.clients.user_client.UserClient object at 0x7efc84725280>\n\n    @step(\"Get Users by global ID\")\n    @pytest.mark.reqres\n    @pytest.mark.dependency()\n    def test_create_tenant_admin_token(self, user_client):\n        query_params = {\"nrpId\": \"8BL-0006\"}\n        endpoint_key = \"get_user_endpoint\"  # This should match your endpoint configuration key\n        status_code, response = user_client.get_user(endpoint_key=endpoint_key, query_params=query_params)\n    \n        # Assertions to verify the response\n>       assert status_code == 200\nE       assert 400 == 200\n\nusers_tests.py:31: AssertionError"}, "description": "Scenarios: Get Users", "steps": [{"name": "Get Users by global ID", "status": "failed", "statusDetails": {"message": "AssertionError: assert 400 == 200\n", "trace": "  File \"/home/ldl-koushic/.local/lib/python3.8/site-packages/allure_commons/_allure.py\", line 192, in impl\n    return func(*a, **kw)\n  File \"/home/ldl-koushic/git/github/playwright_auto/products/reqres/tests/users_tests.py\", line 31, in test_create_tenant_admin_token\n    assert status_code == 200\n"}, "parameters": [{"name": "user_client", "value": "<products.reqres.clients.user_client.UserClient object at 0x7efc84725280>"}], "start": 1718791328395, "stop": 1718791329244}], "attachments": [{"name": "log", "source": "2eb47d6f-dcf6-40c3-b5d5-9a03c7d241bb-attachment.txt", "type": "text/plain"}, {"name": "stdout", "source": "69b0dfd5-ce0f-4e86-8cf9-d0762e8607d7-attachment.txt", "type": "text/plain"}], "start": 1718791328395, "stop": 1718791329244, "uuid": "35def148-f93a-4be9-b6bd-e335f6590dd2", "historyId": "02f8d28191bbaa08484b8e1f7c12eb5c", "testCaseId": "02f8d28191bbaa08484b8e1f7c12eb5c", "fullName": "products.reqres.tests.users_tests.TestUserModules#test_create_tenant_admin_token", "labels": [{"name": "story", "value": "Verify user modules"}, {"name": "epic", "value": "Users"}, {"name": "tag", "value": "dependency"}, {"name": "tag", "value": "reqres"}, {"name": "parentSuite", "value": "products.reqres.tests"}, {"name": "suite", "value": "users_tests"}, {"name": "subSuite", "value": "TestUserModules"}, {"name": "host", "value": "ldlkoushic-HP-Pavilion-Laptop-13-bb0078TU-Refurb"}, {"name": "thread", "value": "93030-MainThread"}, {"name": "framework", "value": "pytest"}, {"name": "language", "value": "cpython3"}, {"name": "package", "value": "products.reqres.tests.users_tests"}]}