{"name": "test_create_retail_user", "status": "failed", "statusDetails": {"message": "AssertionError: assert 500 == 200", "trace": "self = <users_tests.TestUserModules object at 0x7f231d0e0d90>\nuser_client = <products.reqres.clients.user_client.UserClient object at 0x7f231c45c430>\nguest_token = 'eyJhbGciOiJIUzI1NiIsInR5cCI6IkpXVCJ9.eyJ0ZW5hbnRJZCI6IjEiLCJ1c2VySWQiOiIxIiwic3RvcmVDb2RlIjoiNzEwIiwibGFuZ0NvZGUiOiJl...iwiZXhwIjo5NDk0OTYzNzY5LCJpYXQiOjE3MTg5NjM3NjksImlzcyI6IjEiLCJzdWIiOiIxIn0.Lh0rb5ko0ayYIfoY5iCl4osF5oPqsNk-yoOZLg0NRLs'\n\n    @step(\"Create retail user\")\n    @pytest.mark.reqres\n    @pytest.mark.dependency()\n    def test_create_retail_user(self, user_client, guest_token):\n        request_payload = create_user_request_payload()\n        endpoint_key = \"get_user_endpoint\"  # This should match your endpoint configuration key\n        status_code, response = user_client.create_user(endpoint_key=endpoint_key, payload=request_payload,\n                                                        auth_token=guest_token)\n    \n        # Assertions to verify the response\n>       assert status_code == 200\nE       assert 500 == 200\n\nusers_tests.py:35: AssertionError"}, "description": "Scenarios: Get Users", "steps": [{"name": "Create retail user", "status": "failed", "statusDetails": {"message": "AssertionError: assert 500 == 200\n", "trace": "  File \"/home/ldl-koushic/.local/lib/python3.8/site-packages/allure_commons/_allure.py\", line 192, in impl\n    return func(*a, **kw)\n  File \"/home/ldl-koushic/git/github/playwright_api_auto/products/reqres/tests/users_tests.py\", line 35, in test_create_retail_user\n    assert status_code == 200\n"}, "parameters": [{"name": "user_client", "value": "<products.reqres.clients.user_client.UserClient object at 0x7f231c45c430>"}, {"name": "guest_token", "value": "'eyJhbGciOiJIUzI1NiIsInR5cCI6IkpXVCJ9.eyJ0ZW5hbnRJZCI6IjEiLCJ1c2VySWQiOiIxIiwic3RvcmVDb2RlIjoiNzEwIiwibGFuZ0NvZGUiOiJlbiIsInJvbGUiOiJndWVzdCIsInJvbGVJZCI6Mjg1LCJ1dWlkIjoiY2E4ZWU0MDEtYzU4Yi00OGQ5LTljNTktYTRmNmViYTNjZmY3IiwiZXhwIjo5NDk0OTYzNzY5LCJpYXQiOjE3MTg5NjM3NjksImlzcyI6IjEiLCJzdWIiOiIxIn0.Lh0rb5ko0ayYIfoY5iCl4osF5oPqsNk-yoOZLg0NRLs'"}], "start": 1718963769729, "stop": 1718963770457}], "attachments": [{"name": "log", "source": "8337c06c-cd14-4aa1-bd7e-8efc598efcbd-attachment.txt", "type": "text/plain"}, {"name": "stdout", "source": "ac0d131e-cefc-451b-8ee9-9da5a7c1dd5e-attachment.txt", "type": "text/plain"}], "start": 1718963769729, "stop": 1718963770457, "uuid": "53b9dcfc-971f-4ab8-8d6b-f3c61a6a60d2", "historyId": "1c5b278a8d1adf6ac36dfd3aa2139e6d", "testCaseId": "1c5b278a8d1adf6ac36dfd3aa2139e6d", "fullName": "products.reqres.tests.users_tests.TestUserModules#test_create_retail_user", "labels": [{"name": "epic", "value": "Users"}, {"name": "story", "value": "Verify user modules"}, {"name": "tag", "value": "dependency"}, {"name": "tag", "value": "reqres"}, {"name": "parentSuite", "value": "products.reqres.tests"}, {"name": "suite", "value": "users_tests"}, {"name": "subSuite", "value": "TestUserModules"}, {"name": "host", "value": "ldlkoushic-HP-Pavilion-Laptop-13-bb0078TU-Refurb"}, {"name": "thread", "value": "67122-MainThread"}, {"name": "framework", "value": "pytest"}, {"name": "language", "value": "cpython3"}, {"name": "package", "value": "products.reqres.tests.users_tests"}]}