{"name": "test_create_retail_user", "status": "failed", "statusDetails": {"message": "AssertionError: assert 500 == 200", "trace": "self = <users_tests.TestUserModules object at 0x7f5fcfe94e20>\nuser_client = <products.reqres.clients.user_client.UserClient object at 0x7f5fcf20d520>\nguest_token = 'eyJhbGciOiJIUzI1NiIsInR5cCI6IkpXVCJ9.eyJ0ZW5hbnRJZCI6IjEiLCJ1c2VySWQiOiIxIiwic3RvcmVDb2RlIjoiNzEwIiwibGFuZ0NvZGUiOiJl...iwiZXhwIjo5NDk0OTYzODAzLCJpYXQiOjE3MTg5NjM4MDMsImlzcyI6IjEiLCJzdWIiOiIxIn0.oKYwGvMNl7C39kHbPMQfKZaKCfj1q7lvF9N_j6fPApQ'\n\n    @step(\"Create retail user\")\n    @pytest.mark.reqres\n    @pytest.mark.dependency()\n    def test_create_retail_user(self, user_client, guest_token):\n        request_payload = create_user_request_payload()\n        endpoint_key = \"get_user_endpoint\"  # This should match your endpoint configuration key\n        status_code, response = user_client.create_user(endpoint_key=endpoint_key, payload=request_payload,\n                                                        auth_token=guest_token)\n    \n        # Assertions to verify the response\n>       assert status_code == 200\nE       assert 500 == 200\n\nusers_tests.py:35: AssertionError"}, "description": "Scenarios: Get Users", "steps": [{"name": "Create retail user", "status": "failed", "statusDetails": {"message": "AssertionError: assert 500 == 200\n", "trace": "  File \"/home/ldl-koushic/.local/lib/python3.8/site-packages/allure_commons/_allure.py\", line 192, in impl\n    return func(*a, **kw)\n  File \"/home/ldl-koushic/git/github/playwright_api_auto/products/reqres/tests/users_tests.py\", line 35, in test_create_retail_user\n    assert status_code == 200\n"}, "parameters": [{"name": "user_client", "value": "<products.reqres.clients.user_client.UserClient object at 0x7f5fcf20d520>"}, {"name": "guest_token", "value": "'eyJhbGciOiJIUzI1NiIsInR5cCI6IkpXVCJ9.eyJ0ZW5hbnRJZCI6IjEiLCJ1c2VySWQiOiIxIiwic3RvcmVDb2RlIjoiNzEwIiwibGFuZ0NvZGUiOiJlbiIsInJvbGUiOiJndWVzdCIsInJvbGVJZCI6Mjg1LCJ1dWlkIjoiNWVhYWZiNjMtMGVlMi00ZmU4LTk4OWItZTc2YmQxMWQ3YmY4IiwiZXhwIjo5NDk0OTYzODAzLCJpYXQiOjE3MTg5NjM4MDMsImlzcyI6IjEiLCJzdWIiOiIxIn0.oKYwGvMNl7C39kHbPMQfKZaKCfj1q7lvF9N_j6fPApQ'"}], "start": 1718963803689, "stop": 1718963804030}], "attachments": [{"name": "log", "source": "caa49d2b-ed7a-4f2e-8d22-7678b25216d7-attachment.txt", "type": "text/plain"}, {"name": "stdout", "source": "84636739-5898-40f9-8a67-1d2ee128afff-attachment.txt", "type": "text/plain"}], "start": 1718963803688, "stop": 1718963804031, "uuid": "96c5a136-1e30-4f96-84fb-59acf7eb32e8", "historyId": "1c5b278a8d1adf6ac36dfd3aa2139e6d", "testCaseId": "1c5b278a8d1adf6ac36dfd3aa2139e6d", "fullName": "products.reqres.tests.users_tests.TestUserModules#test_create_retail_user", "labels": [{"name": "story", "value": "Verify user modules"}, {"name": "epic", "value": "Users"}, {"name": "tag", "value": "dependency"}, {"name": "tag", "value": "reqres"}, {"name": "parentSuite", "value": "products.reqres.tests"}, {"name": "suite", "value": "users_tests"}, {"name": "subSuite", "value": "TestUserModules"}, {"name": "host", "value": "ldlkoushic-HP-Pavilion-Laptop-13-bb0078TU-Refurb"}, {"name": "thread", "value": "67182-MainThread"}, {"name": "framework", "value": "pytest"}, {"name": "language", "value": "cpython3"}, {"name": "package", "value": "products.reqres.tests.users_tests"}]}