{"name": "test_create_retail_user", "status": "failed", "statusDetails": {"message": "AssertionError: assert 500 == 200", "trace": "self = <users_tests.TestUserModules object at 0x7fdb6a98be80>\nuser_client = <products.reqres.clients.user_client.UserClient object at 0x7fdb69d04490>\nguest_token = 'eyJhbGciOiJIUzI1NiIsInR5cCI6IkpXVCJ9.eyJ0ZW5hbnRJZCI6IjEiLCJ1c2VySWQiOiIxIiwic3RvcmVDb2RlIjoiNzEwIiwibGFuZ0NvZGUiOiJl...iwiZXhwIjo5NDk0OTYzODExLCJpYXQiOjE3MTg5NjM4MTEsImlzcyI6IjEiLCJzdWIiOiIxIn0.PVQyC7mzjcRo72gmg6lCmGvH7VdJIKIS6MexB3Jc9xc'\n\n    @step(\"Create retail user\")\n    @pytest.mark.reqres\n    @pytest.mark.dependency()\n    def test_create_retail_user(self, user_client, guest_token):\n        request_payload = create_user_request_payload()\n        endpoint_key = \"get_user_endpoint\"  # This should match your endpoint configuration key\n        status_code, response = user_client.create_user(endpoint_key=endpoint_key, payload=request_payload,\n                                                        auth_token=guest_token)\n    \n        # Assertions to verify the response\n>       assert status_code == 200\nE       assert 500 == 200\n\nusers_tests.py:35: AssertionError"}, "description": "Scenarios: Get Users", "steps": [{"name": "Create retail user", "status": "failed", "statusDetails": {"message": "AssertionError: assert 500 == 200\n", "trace": "  File \"/home/ldl-koushic/.local/lib/python3.8/site-packages/allure_commons/_allure.py\", line 192, in impl\n    return func(*a, **kw)\n  File \"/home/ldl-koushic/git/github/playwright_api_auto/products/reqres/tests/users_tests.py\", line 35, in test_create_retail_user\n    assert status_code == 200\n"}, "parameters": [{"name": "user_client", "value": "<products.reqres.clients.user_client.UserClient object at 0x7fdb69d04490>"}, {"name": "guest_token", "value": "'eyJhbGciOiJIUzI1NiIsInR5cCI6IkpXVCJ9.eyJ0ZW5hbnRJZCI6IjEiLCJ1c2VySWQiOiIxIiwic3RvcmVDb2RlIjoiNzEwIiwibGFuZ0NvZGUiOiJlbiIsInJvbGUiOiJndWVzdCIsInJvbGVJZCI6Mjg1LCJ1dWlkIjoiMGJjZmM5MTEtNGM1MC00MWQzLWFmNmUtY2ZhNGZmNDJmZGZiIiwiZXhwIjo5NDk0OTYzODExLCJpYXQiOjE3MTg5NjM4MTEsImlzcyI6IjEiLCJzdWIiOiIxIn0.PVQyC7mzjcRo72gmg6lCmGvH7VdJIKIS6MexB3Jc9xc'"}], "start": 1718963811514, "stop": 1718963812236}], "attachments": [{"name": "log", "source": "5424b59c-0389-4cd0-9c8e-30d165868a6a-attachment.txt", "type": "text/plain"}, {"name": "stdout", "source": "270703ed-69d6-4654-a9f4-7cb2a19c27dc-attachment.txt", "type": "text/plain"}], "start": 1718963811514, "stop": 1718963812236, "uuid": "0a3ab650-6567-433f-8287-8d9a10a14caf", "historyId": "1c5b278a8d1adf6ac36dfd3aa2139e6d", "testCaseId": "1c5b278a8d1adf6ac36dfd3aa2139e6d", "fullName": "products.reqres.tests.users_tests.TestUserModules#test_create_retail_user", "labels": [{"name": "epic", "value": "Users"}, {"name": "story", "value": "Verify user modules"}, {"name": "tag", "value": "dependency"}, {"name": "tag", "value": "reqres"}, {"name": "parentSuite", "value": "products.reqres.tests"}, {"name": "suite", "value": "users_tests"}, {"name": "subSuite", "value": "TestUserModules"}, {"name": "host", "value": "ldlkoushic-HP-Pavilion-Laptop-13-bb0078TU-Refurb"}, {"name": "thread", "value": "67207-MainThread"}, {"name": "framework", "value": "pytest"}, {"name": "language", "value": "cpython3"}, {"name": "package", "value": "products.reqres.tests.users_tests"}]}