{"name": "test_get_user_by_gid", "status": "failed", "statusDetails": {"message": "AssertionError: assert 400 == 200", "trace": "self = <users_tests.TestUserModules object at 0x7f0a654097c0>\nuser_client = <products.reqres.clients.user_client.UserClient object at 0x7f0a652fd400>\ntenant_admin_token = 'eyJhbGciOiJIUzI1NiIsInR5cCI6IkpXVCJ9.eyJ0ZW5hbnRJZCI6IjEiLCJ1c2VySWQiOiI3MzkiLCJzdG9yZUNvZGUiOiI3MTAiLCJsYW5nQ29kZSI6...IsImV4cCI6MTcxODg3ODc2OCwiaWF0IjoxNzE4NzkyMzY4LCJpc3MiOiIxIiwic3ViIjoiMSJ9.RXQ2MeavMFYUCsJtP55j995xRcNPVgL-qNgUarl2bx8'\n\n    @step(\"Get Users by global ID\")\n    @pytest.mark.reqres\n    @pytest.mark.dependency()\n    def test_get_user_by_gid(self, user_client, tenant_admin_token):\n        query_params = {\"nrpId\": \"8BL-0006\"}\n        endpoint_key = \"get_user_endpoint\"  # This should match your endpoint configuration key\n        status_code, response = user_client.get_user(endpoint_key=endpoint_key, query_params=query_params, auth_token=tenant_admin_token)\n    \n        # Assertions to verify the response\n>       assert status_code == 200\nE       assert 400 == 200\n\nusers_tests.py:31: AssertionError"}, "description": "Scenarios: Get Users", "steps": [{"name": "Get Users by global ID", "status": "failed", "statusDetails": {"message": "AssertionError: assert 400 == 200\n", "trace": "  File \"/home/ldl-koushic/.local/lib/python3.8/site-packages/allure_commons/_allure.py\", line 192, in impl\n    return func(*a, **kw)\n  File \"/home/ldl-koushic/git/github/playwright_auto/products/reqres/tests/users_tests.py\", line 31, in test_get_user_by_gid\n    assert status_code == 200\n"}, "parameters": [{"name": "user_client", "value": "<products.reqres.clients.user_client.UserClient object at 0x7f0a652fd400>"}, {"name": "tenant_admin_token", "value": "'eyJhbGciOiJIUzI1NiIsInR5cCI6IkpXVCJ9.eyJ0ZW5hbnRJZCI6IjEiLCJ1c2VySWQiOiI3MzkiLCJzdG9yZUNvZGUiOiI3MTAiLCJsYW5nQ29kZSI6ImVuIiwicm9sZSI6InRlbmFudF9hZG1pbiIsInJvbGVJZCI6NDQ1LCJleHRlcm5hbFVzZXJJZCI6IjY4ODkiLCJyZWdpb24iOiJVUyIsImV4cCI6MTcxODg3ODc2OCwiaWF0IjoxNzE4NzkyMzY4LCJpc3MiOiIxIiwic3ViIjoiMSJ9.RXQ2MeavMFYUCsJtP55j995xRcNPVgL-qNgUarl2bx8'"}], "start": 1718792368290, "stop": 1718792369099}], "attachments": [{"name": "log", "source": "2b467070-3c55-43d7-ba25-a9a83085559a-attachment.txt", "type": "text/plain"}, {"name": "stdout", "source": "029a98cf-4b7d-4090-97ed-9a0e08bdb986-attachment.txt", "type": "text/plain"}], "start": 1718792368289, "stop": 1718792369100, "uuid": "6b0bf3cb-efda-4dbc-8915-a08e4137c1e5", "historyId": "af052d2a8c6240ecce7e812d5736bd94", "testCaseId": "af052d2a8c6240ecce7e812d5736bd94", "fullName": "products.reqres.tests.users_tests.TestUserModules#test_get_user_by_gid", "labels": [{"name": "story", "value": "Verify user modules"}, {"name": "epic", "value": "Users"}, {"name": "tag", "value": "dependency"}, {"name": "tag", "value": "reqres"}, {"name": "parentSuite", "value": "products.reqres.tests"}, {"name": "suite", "value": "users_tests"}, {"name": "subSuite", "value": "TestUserModules"}, {"name": "host", "value": "ldlkoushic-HP-Pavilion-Laptop-13-bb0078TU-Refurb"}, {"name": "thread", "value": "93803-MainThread"}, {"name": "framework", "value": "pytest"}, {"name": "language", "value": "cpython3"}, {"name": "package", "value": "products.reqres.tests.users_tests"}]}