{"name": "test_create_retail_user", "status": "failed", "statusDetails": {"message": "AssertionError: assert 409 == 200", "trace": "self = <users_tests.TestUserModules object at 0x7fabc7c34f70>\nuser_client = <products.reqres.clients.user_client.UserClient object at 0x7fabc6fb0340>\ntenant_admin_token = 'eyJhbGciOiJIUzI1NiIsInR5cCI6IkpXVCJ9.eyJ0ZW5hbnRJZCI6IjEiLCJ1c2VySWQiOiI3MzkiLCJzdG9yZUNvZGUiOiI3MTAiLCJsYW5nQ29kZSI6...IsImV4cCI6MTcxOTA1MDI5NCwiaWF0IjoxNzE4OTYzODk0LCJpc3MiOiIxIiwic3ViIjoiMSJ9.MEt4pubYbI_Hb_pOEMP5kaKr58VjHNuC1HoF0W-CWSo'\n\n    @step(\"Create retail user\")\n    @pytest.mark.reqres\n    @pytest.mark.dependency()\n    def test_create_retail_user(self, user_client, tenant_admin_token):\n        request_payload = create_user_request_payload()\n        endpoint_key = \"get_user_endpoint\"  # This should match your endpoint configuration key\n        status_code, response = user_client.create_user(endpoint_key=endpoint_key, payload=request_payload,\n                                                        auth_token=tenant_admin_token)\n    \n        # Assertions to verify the response\n>       assert status_code == 200\nE       assert 409 == 200\n\nusers_tests.py:35: AssertionError"}, "description": "Scenarios: Get Users", "steps": [{"name": "Create retail user", "status": "failed", "statusDetails": {"message": "AssertionError: assert 409 == 200\n", "trace": "  File \"/home/ldl-koushic/.local/lib/python3.8/site-packages/allure_commons/_allure.py\", line 192, in impl\n    return func(*a, **kw)\n  File \"/home/ldl-koushic/git/github/playwright_api_auto/products/reqres/tests/users_tests.py\", line 35, in test_create_retail_user\n    assert status_code == 200\n"}, "parameters": [{"name": "user_client", "value": "<products.reqres.clients.user_client.UserClient object at 0x7fabc6fb0340>"}, {"name": "tenant_admin_token", "value": "'eyJhbGciOiJIUzI1NiIsInR5cCI6IkpXVCJ9.eyJ0ZW5hbnRJZCI6IjEiLCJ1c2VySWQiOiI3MzkiLCJzdG9yZUNvZGUiOiI3MTAiLCJsYW5nQ29kZSI6ImVuIiwicm9sZSI6InRlbmFudF9hZG1pbiIsInJvbGVJZCI6NDQ1LCJleHRlcm5hbFVzZXJJZCI6IjY4ODkiLCJyZWdpb24iOiJVUyIsImV4cCI6MTcxOTA1MDI5NCwiaWF0IjoxNzE4OTYzODk0LCJpc3MiOiIxIiwic3ViIjoiMSJ9.MEt4pubYbI_Hb_pOEMP5kaKr58VjHNuC1HoF0W-CWSo'"}], "start": 1718963894816, "stop": 1718963895562}], "attachments": [{"name": "log", "source": "525efd79-c53c-4b4f-b5b6-55061ba7e062-attachment.txt", "type": "text/plain"}, {"name": "stdout", "source": "07c3ee59-e0a7-4e36-af70-92a5b9965485-attachment.txt", "type": "text/plain"}], "start": 1718963894816, "stop": 1718963895562, "uuid": "d0bb888d-192c-40a8-a7bc-d188388d03bf", "historyId": "1c5b278a8d1adf6ac36dfd3aa2139e6d", "testCaseId": "1c5b278a8d1adf6ac36dfd3aa2139e6d", "fullName": "products.reqres.tests.users_tests.TestUserModules#test_create_retail_user", "labels": [{"name": "story", "value": "Verify user modules"}, {"name": "epic", "value": "Users"}, {"name": "tag", "value": "dependency"}, {"name": "tag", "value": "reqres"}, {"name": "parentSuite", "value": "products.reqres.tests"}, {"name": "suite", "value": "users_tests"}, {"name": "subSuite", "value": "TestUserModules"}, {"name": "host", "value": "ldlkoushic-HP-Pavilion-Laptop-13-bb0078TU-Refurb"}, {"name": "thread", "value": "67321-MainThread"}, {"name": "framework", "value": "pytest"}, {"name": "language", "value": "cpython3"}, {"name": "package", "value": "products.reqres.tests.users_tests"}]}